[0/1] Planning build
Building for production...
[0/3] Write sources
[1/3] Write swift-version--58304C5D6DBC2206.txt
[3/4] Compiling ProxyWorkbenchCore DirectSocketConnector.swift
[3/6] Write sources
[5/7] Compiling blaze ContentView.swift
[5/7] Write Objects.LinkFileList
[6/7] Linking blaze
Build of product 'blaze' complete! (17.56s)
Building for production...
[0/4] Write sources
[1/4] Write swift-version--58304C5D6DBC2206.txt
[3/5] Compiling BlazeTunnelExtension DNSProxy.swift
[3/5] Write Objects.LinkFileList
[4/5] Linking BlazeTunnelExtension
Build of product 'BlazeTunnelExtension' complete! (3.59s)
/Users/chenhuazhao/Documents/workspace/blaze/build/blaze.app/Contents/Library/SystemExtensions/com.chenhuazhao.blaze.tunnel.systemextension: replacing existing signature
/Users/chenhuazhao/Documents/workspace/blaze/build/blaze.app: replacing existing signature
Built /Users/chenhuazhao/Documents/workspace/blaze/build/blaze.app
